[debug] [2025-03-21T06:59:06.598Z] ----------------------------------------------------------------------
[debug] [2025-03-21T06:59:06.602Z] Command:       C:\Program Files\nodejs\node.exe C:\Users\Deepak Rawat\AppData\Roaming\npm\node_modules\firebase-tools\lib\bin\firebase.js projects:list
[debug] [2025-03-21T06:59:06.603Z] CLI Version:   13.35.1
[debug] [2025-03-21T06:59:06.603Z] Platform:      win32
[debug] [2025-03-21T06:59:06.603Z] Node Version:  v20.11.0
[debug] [2025-03-21T06:59:06.603Z] Time:          Fri Mar 21 2025 12:29:06 GMT+0530 (India Standard Time)
[debug] [2025-03-21T06:59:06.603Z] ----------------------------------------------------------------------
[debug] 
[debug] [2025-03-21T06:59:06.607Z] >>> [apiv2][query] GET https://firebase-public.firebaseio.com/cli.json [none]
[debug] [2025-03-21T06:59:06.663Z] > command requires scopes: ["email","openid","https://www.googleapis.com/auth/cloudplatformprojects.readonly","https://www.googleapis.com/auth/firebase","https://www.googleapis.com/auth/cloud-platform"]
[debug] [2025-03-21T06:59:06.663Z] > authorizing via signed-in user (deeprawat1511@gmail.com)
[debug] [2025-03-21T06:59:06.667Z] Checked if tokens are valid: false, expires at: 1718264929648
[debug] [2025-03-21T06:59:06.668Z] Checked if tokens are valid: false, expires at: 1718264929648
[debug] [2025-03-21T06:59:06.668Z] > refreshing access token with scopes: []
[debug] [2025-03-21T06:59:06.669Z] >>> [apiv2][query] POST https://www.googleapis.com/oauth2/v3/token [none]
[debug] [2025-03-21T06:59:06.669Z] >>> [apiv2][body] POST https://www.googleapis.com/oauth2/v3/token [omitted]
[debug] [2025-03-21T06:59:06.891Z] <<< [apiv2][status] POST https://www.googleapis.com/oauth2/v3/token 400
[debug] [2025-03-21T06:59:06.891Z] <<< [apiv2][body] POST https://www.googleapis.com/oauth2/v3/token [omitted]
[debug] [2025-03-21T06:59:06.892Z] >>> [apiv2][query] GET https://firebase.googleapis.com/v1beta1/projects pageSize=1000
[debug] [2025-03-21T06:59:07.275Z] <<< [apiv2][status] GET https://firebase-public.firebaseio.com/cli.json 200
[debug] [2025-03-21T06:59:07.275Z] <<< [apiv2][body] GET https://firebase-public.firebaseio.com/cli.json {"cloudBuildErrorAfter":1594252800000,"cloudBuildWarnAfter":1590019200000,"defaultNode10After":1594252800000,"minVersion":"3.0.5","node8DeploysDisabledAfter":1613390400000,"node8RuntimeDisabledAfter":1615809600000,"node8WarnAfter":1600128000000}
[debug] [2025-03-21T06:59:07.291Z] <<< [apiv2][status] GET https://firebase.googleapis.com/v1beta1/projects 401
[debug] [2025-03-21T06:59:07.291Z] <<< [apiv2][body] GET https://firebase.googleapis.com/v1beta1/projects [omitted]
[debug] [2025-03-21T06:59:07.291Z] Got a 401 Unauthenticated error for a call that required authentication. Refreshing tokens.
[debug] [2025-03-21T06:59:07.291Z] Checked if tokens are valid: false, expires at: 1718264929648
[debug] [2025-03-21T06:59:07.291Z] Checked if tokens are valid: false, expires at: 1718264929648
[debug] [2025-03-21T06:59:07.291Z] > refreshing access token with scopes: []
[debug] [2025-03-21T06:59:07.292Z] >>> [apiv2][query] POST https://www.googleapis.com/oauth2/v3/token [none]
[debug] [2025-03-21T06:59:07.292Z] >>> [apiv2][body] POST https://www.googleapis.com/oauth2/v3/token [omitted]
[debug] [2025-03-21T06:59:07.386Z] <<< [apiv2][status] POST https://www.googleapis.com/oauth2/v3/token 400
[debug] [2025-03-21T06:59:07.387Z] <<< [apiv2][body] POST https://www.googleapis.com/oauth2/v3/token [omitted]
[debug] [2025-03-21T06:59:07.388Z] Request to https://firebase.googleapis.com/v1beta1/projects?pageSize=1000 had HTTP Error: 401, Request had invalid authentication credentials. Expected OAuth 2 access token, login cookie or other valid authentication credential. See https://developers.google.com/identity/sign-in/web/devconsole-project.
[debug] [2025-03-21T06:59:07.578Z] FirebaseError: Request to https://firebase.googleapis.com/v1beta1/projects?pageSize=1000 had HTTP Error: 401, Request had invalid authentication credentials. Expected OAuth 2 access token, login cookie or other valid authentication credential. See https://developers.google.com/identity/sign-in/web/devconsole-project.
    at responseToError (C:\Users\Deepak Rawat\AppData\Roaming\npm\node_modules\firebase-tools\lib\responseToError.js:52:12)
    at RetryOperation._fn (C:\Users\Deepak Rawat\AppData\Roaming\npm\node_modules\firebase-tools\lib\apiv2.js:312:77)
    at process.processTicksAndRejections (node:internal/process/task_queues:95:5)
[error] 
[error] Error: Failed to list Firebase projects. See firebase-debug.log for more info.
